<?xml version="1.0" encoding="UTF-8"?>
<!-- Generated by org.testng.reporters.JUnitReportReporter -->
<testsuite hostname="GURUKIRAN" failures="0" tests="1" name="JuninsCiCDTest" time="10.363" errors="0" timestamp="2025-03-13T14:52:31 IST" skipped="0">
  <testcase classname="JuninsCiCDTest" name="CreateJobTest" time="10.363"/>
  <system-out/>
</testsuite> <!-- JuninsCiCDTest -->
